<?xml version="1.0" encoding="UTF-8"?>
<!-- Generated by org.testng.reporters.JUnitReportReporter -->
<testsuite skipped="0" hostname="SHERINE_MARTINA" name="testcase.Logintestcase" tests="1" failures="0" timestamp="2023-02-13T11:25:51 IST" time="15.616" errors="0">
  <testcase name="login" time="15.616" classname="testcase.Logintestcase"/>
</testsuite> <!-- testcase.Logintestcase -->
